Added Component: Designator=JP1(TMB-12A03)
Added Component: Designator=Q1(TO-92)
Added Component: Designator=R5(R0603)
Added Component: Designator=R6(R0603)
Added Component: Designator=VD1(LL-34)
Added Pin To Net: NetName=3V3 Pin=Q1-1
Added Pin To Net: NetName=DGND Pin=R6-1
Added Pin To Net: NetName=3V3 Pin=VD1-K
Added Pin To Net: NetName=NetJP1_1 Pin=JP1-1
Added Pin To Net: NetName=NetJP1_1 Pin=Q1-3
Added Pin To Net: NetName=NetJP1_1 Pin=VD1-A
Added Net: Name=NetJP1_1
Added Pin To Net: NetName=NetJP1_2 Pin=JP1-2
Added Pin To Net: NetName=NetJP1_2 Pin=R6-2
Added Net: Name=NetJP1_2
Added Pin To Net: NetName=NetQ1_2 Pin=Q1-2
Added Pin To Net: NetName=NetQ1_2 Pin=R5-2
Added Net: Name=NetQ1_2
Added Member To Class: ClassName=HGD_Sensor(v0.1)-20200729 Member=Component JP1 TMB-12A03
Added Member To Class: ClassName=HGD_Sensor(v0.1)-20200729 Member=Component Q1 S8550
Added Member To Class: ClassName=HGD_Sensor(v0.1)-20200729 Member=Component R5 2K/5%
Added Member To Class: ClassName=HGD_Sensor(v0.1)-20200729 Member=Component R6 2K/5%
Added Member To Class: ClassName=HGD_Sensor(v0.1)-20200729 Member=Component VD1 1N4148
Added Room: Name=HGD_Sensor(v0.1)-20200729
