Added Component: Designator=C1(C0603)
Added Component: Designator=C2(C0603)
Added Component: Designator=C3(C0603)
Added Component: Designator=C4(C0603)
Added Component: Designator=C31(C0603)
Added Component: Designator=C32(C0603)
Added Component: Designator=C33(C0603)
Added Component: Designator=C34(C0603)
Added Component: Designator=C35(C0603)
Added Component: Designator=C36(C0603)
Added Component: Designator=C37(C0603)
Added Component: Designator=C38(C0603)
Added Component: Designator=C39(C0603)
Added Component: Designator=R1(R0603)
Added Component: Designator=R2(R0603)
Added Component: Designator=R3(R0603)
Added Component: Designator=R4(R0603)
Added Component: Designator=R21(R0603)
Added Component: Designator=R22(R0603)
Added Component: Designator=R23(R0603)
Added Component: Designator=R24(R0603)
Added Component: Designator=R31(R0603)
Added Component: Designator=R32(R0603)
Added Component: Designator=R33(R0603)
Added Component: Designator=R34(R0603)
Added Component: Designator=R35(R0603)
Added Component: Designator=R36(R0603)
Added Component: Designator=R37(R0603)
Added Component: Designator=R38(R0603)
Added Component: Designator=R39(R0603)
Added Component: Designator=R40(R0603)
Added Pin To Net: NetName=3V3A Pin=C1-1
Added Pin To Net: NetName=E22_TX Pin=C1-2
Added Pin To Net: NetName=AGND Pin=C2-1
Added Pin To Net: NetName=E22_RX Pin=C2-2
Added Pin To Net: NetName=B_VOLT_ADC Pin=C3-1
Added Pin To Net: NetName=E22_AUX Pin=C3-2
Added Pin To Net: NetName=BATT+ Pin=C4-1
Added Pin To Net: NetName=BOOT0 Pin=C4-2
Added Pin To Net: NetName=JXM_O2_ADC Pin=C31-1
Added Pin To Net: NetName=DGND Pin=C31-2
Added Pin To Net: NetName=+5V Pin=C32-1
Added Pin To Net: NetName=DGND Pin=C32-2
Added Pin To Net: NetName=JXM_CO_ADC Pin=C33-1
Added Pin To Net: NetName=DGND Pin=C33-2
Added Pin To Net: NetName=+5V Pin=C34-1
Added Pin To Net: NetName=DGND Pin=C34-2
Added Pin To Net: NetName=JXM_H2S_ADC Pin=C35-1
Added Pin To Net: NetName=DGND Pin=C35-2
Added Pin To Net: NetName=+5V Pin=C36-1
Added Pin To Net: NetName=DGND Pin=C36-2
Added Pin To Net: NetName=JXM_LEL_ADC Pin=C37-1
Added Pin To Net: NetName=DGND Pin=C37-2
Added Pin To Net: NetName=+5V Pin=C38-1
Added Pin To Net: NetName=DGND Pin=C38-2
Added Pin To Net: NetName=+5V Pin=C39-1
Added Pin To Net: NetName=DGND Pin=C39-2
Added Pin To Net: NetName=3V3A Pin=R1-1
Added Pin To Net: NetName=3V3 Pin=R1-2
Added Pin To Net: NetName=AGND Pin=R2-1
Added Pin To Net: NetName=3V3 Pin=R2-2
Added Pin To Net: NetName=B_VOLT_ADC Pin=R3-1
Added Pin To Net: NetName=3V3 Pin=R3-2
Added Pin To Net: NetName=BATT+ Pin=R4-1
Added Pin To Net: NetName=3V3 Pin=R4-2
Added Pin To Net: NetName=JXM_O2_ADC Pin=R21-1
Added Pin To Net: NetName=NetM2_1 Pin=R21-2
Added Pin To Net: NetName=JXM_CO_ADC Pin=R22-1
Added Pin To Net: NetName=NetM3_1 Pin=R22-2
Added Pin To Net: NetName=JXM_H2S_ADC Pin=R23-1
Added Pin To Net: NetName=NetM4_1 Pin=R23-2
Added Pin To Net: NetName=JXM_LEL_ADC Pin=R24-1
Added Pin To Net: NetName=NetM5_1 Pin=R24-2
Added Pin To Net: NetName=JXM_TX Pin=R31-1
Added Pin To Net: NetName=+5V Pin=R31-2
Added Pin To Net: NetName=JXM_RX Pin=R32-1
Added Pin To Net: NetName=+5V Pin=R32-2
Added Pin To Net: NetName=JXM_O2_TX Pin=R33-1
Added Pin To Net: NetName=+5V Pin=R33-2
Added Pin To Net: NetName=JXM_CO_TX Pin=R34-1
Added Pin To Net: NetName=+5V Pin=R34-2
Added Pin To Net: NetName=JXM_H2S_TX Pin=R35-1
Added Pin To Net: NetName=+5V Pin=R35-2
Added Pin To Net: NetName=JXM_LEL_TX Pin=R36-1
Added Pin To Net: NetName=+5V Pin=R36-2
Added Pin To Net: NetName=+5V Pin=R37-1
Added Pin To Net: NetName=JXM_LEL_RX Pin=R37-2
Added Pin To Net: NetName=+5V Pin=R38-1
Added Pin To Net: NetName=JXM_H2S_RX Pin=R38-2
Added Pin To Net: NetName=+5V Pin=R39-1
Added Pin To Net: NetName=JXM_CO_RX Pin=R39-2
Added Pin To Net: NetName=+5V Pin=R40-1
Added Pin To Net: NetName=JXM_O2_RX Pin=R40-2
Change Net Name : Old Net Name=3V3A New Net Name=NetC1_1
Change Net Name : Old Net Name=AGND New Net Name=NetC2_1
Change Net Name : Old Net Name=B_VOLT_ADC New Net Name=NetC3_1
Change Net Name : Old Net Name=BATT+ New Net Name=NetC4_1
Change Net Name : Old Net Name=BOOT0 New Net Name=LED4
Change Net Name : Old Net Name=E22_AUX New Net Name=LED3
Change Net Name : Old Net Name=E22_RX New Net Name=LED2
Change Net Name : Old Net Name=E22_TX New Net Name=LED1
Change Class Name : Old Net Name=HGD(v0.2)-20200615 New Net Name=HGD_Sensor(v0.1)-20200729
Added Member To Class: ClassName=HGD_Sensor(v0.1)-20200729 Member=Component C1 100nF/25V/5%
Added Member To Class: ClassName=HGD_Sensor(v0.1)-20200729 Member=Component C2 100nF/25V/5%
Added Member To Class: ClassName=HGD_Sensor(v0.1)-20200729 Member=Component C3 100nF/25V/5%
Added Member To Class: ClassName=HGD_Sensor(v0.1)-20200729 Member=Component C4 100nF/25V/5%
Added Member To Class: ClassName=HGD_Sensor(v0.1)-20200729 Member=Component C31 100nF/25V/5%
Added Member To Class: ClassName=HGD_Sensor(v0.1)-20200729 Member=Component C32 100nF/25V/5%
Added Member To Class: ClassName=HGD_Sensor(v0.1)-20200729 Member=Component C33 100nF/25V/5%
Added Member To Class: ClassName=HGD_Sensor(v0.1)-20200729 Member=Component C34 100nF/25V/5%
Added Member To Class: ClassName=HGD_Sensor(v0.1)-20200729 Member=Component C35 100nF/25V/5%
Added Member To Class: ClassName=HGD_Sensor(v0.1)-20200729 Member=Component C36 100nF/25V/5%
Added Member To Class: ClassName=HGD_Sensor(v0.1)-20200729 Member=Component C37 100nF/25V/5%
Added Member To Class: ClassName=HGD_Sensor(v0.1)-20200729 Member=Component C38 100nF/25V/5%
Added Member To Class: ClassName=HGD_Sensor(v0.1)-20200729 Member=Component C39 100nF/25V/5%
Added Member To Class: ClassName=HGD_Sensor(v0.1)-20200729 Member=Component R1 2K/5%
Added Member To Class: ClassName=HGD_Sensor(v0.1)-20200729 Member=Component R2 2K/5%
Added Member To Class: ClassName=HGD_Sensor(v0.1)-20200729 Member=Component R3 2K/5%
Added Member To Class: ClassName=HGD_Sensor(v0.1)-20200729 Member=Component R4 2K/5%
Added Member To Class: ClassName=HGD_Sensor(v0.1)-20200729 Member=Component R21 2K/5%
Added Member To Class: ClassName=HGD_Sensor(v0.1)-20200729 Member=Component R22 2K/5%
Added Member To Class: ClassName=HGD_Sensor(v0.1)-20200729 Member=Component R23 2K/5%
Added Member To Class: ClassName=HGD_Sensor(v0.1)-20200729 Member=Component R24 2K/5%
Added Member To Class: ClassName=HGD_Sensor(v0.1)-20200729 Member=Component R31 10K/5%
Added Member To Class: ClassName=HGD_Sensor(v0.1)-20200729 Member=Component R32 10K/5%
Added Member To Class: ClassName=HGD_Sensor(v0.1)-20200729 Member=Component R33 10K/5%
Added Member To Class: ClassName=HGD_Sensor(v0.1)-20200729 Member=Component R34 10K/5%
Added Member To Class: ClassName=HGD_Sensor(v0.1)-20200729 Member=Component R35 10K/5%
Added Member To Class: ClassName=HGD_Sensor(v0.1)-20200729 Member=Component R36 10K/5%
Added Member To Class: ClassName=HGD_Sensor(v0.1)-20200729 Member=Component R37 10K/5%
Added Member To Class: ClassName=HGD_Sensor(v0.1)-20200729 Member=Component R38 10K/5%
Added Member To Class: ClassName=HGD_Sensor(v0.1)-20200729 Member=Component R39 10K/5%
Added Member To Class: ClassName=HGD_Sensor(v0.1)-20200729 Member=Component R40 10K/5%
Added Room: Name=HGD_Sensor(v0.1)-20200729
